<?xml version="1.0" encoding="UTF-8"?>
<testng-results skipped="0" failed="0" ignored="5" total="6" passed="1">
  <reporter-output>
  </reporter-output>
  <suite name="Default suite" duration-ms="11002" started-at="2021-09-28T07:21:56 NPT" finished-at="2021-09-28T07:22:07 NPT">
    <groups>
    </groups>
    <test name="Default test" duration-ms="11002" started-at="2021-09-28T07:21:56 NPT" finished-at="2021-09-28T07:22:07 NPT">
      <class name="downAndUp.SeleniumDay26.DataDivenTestPractice">
        <test-method status="PASS" signature="beforeSuite()[pri:0, instance:downAndUp.SeleniumDay26.DataDivenTestPractice@e50a6f6]" name="beforeSuite" is-config="true" duration-ms="171" started-at="2021-09-28T07:21:55 NPT" finished-at="2021-09-28T07:21:56 NPT">
          <reporter-output>
          </reporter-output>
        </test-method> <!-- beforeSuite -->
        <test-method status="PASS" signature="beforeMethod()[pri:0, instance:downAndUp.SeleniumDay26.DataDivenTestPractice@e50a6f6]" name="beforeMethod" is-config="true" duration-ms="2594" started-at="2021-09-28T07:21:56 NPT" finished-at="2021-09-28T07:21:58 NPT">
          <reporter-output>
          </reporter-output>
        </test-method> <!-- beforeMethod -->
        <test-method status="PASS" signature="writeToExcel()[pri:0, instance:downAndUp.SeleniumDay26.DataDivenTestPractice@e50a6f6]" name="writeToExcel" duration-ms="7469" started-at="2021-09-28T07:21:58 NPT" finished-at="2021-09-28T07:22:06 NPT">
          <reporter-output>
          </reporter-output>
        </test-method> <!-- writeToExcel -->
        <test-method status="PASS" signature="afterMethod()[pri:0, instance:downAndUp.SeleniumDay26.DataDivenTestPractice@e50a6f6]" name="afterMethod" is-config="true" duration-ms="905" started-at="2021-09-28T07:22:06 NPT" finished-at="2021-09-28T07:22:07 NPT">
          <reporter-output>
          </reporter-output>
        </test-method> <!-- afterMethod -->
        <test-method status="PASS" signature="afterSuite()[pri:0, instance:downAndUp.SeleniumDay26.DataDivenTestPractice@e50a6f6]" name="afterSuite" is-config="true" duration-ms="38" started-at="2021-09-28T07:22:07 NPT" finished-at="2021-09-28T07:22:07 NPT">
          <reporter-output>
          </reporter-output>
        </test-method> <!-- afterSuite -->
      </class> <!-- downAndUp.SeleniumDay26.DataDivenTestPractice -->
    </test> <!-- Default test -->
  </suite> <!-- Default suite -->
</testng-results>
