<?xml version="1.0" encoding="UTF-8"?>
<testng-results skipped="0" failed="0" ignored="1" total="2" passed="1">
  <reporter-output>
  </reporter-output>
  <suite name="Default suite" duration-ms="18296" started-at="2021-09-23T07:23:56 NPT" finished-at="2021-09-23T07:24:15 NPT">
    <groups>
    </groups>
    <test name="Default test" duration-ms="18296" started-at="2021-09-23T07:23:56 NPT" finished-at="2021-09-23T07:24:15 NPT">
      <class name="downAndUp.SeleniumDay26.UploadAndDownload">
        <test-method status="PASS" signature="beforeSuite()[pri:0, instance:downAndUp.SeleniumDay26.UploadAndDownload@37374a5e]" name="beforeSuite" is-config="true" duration-ms="143" started-at="2021-09-23T07:23:56 NPT" finished-at="2021-09-23T07:23:56 NPT">
          <reporter-output>
          </reporter-output>
        </test-method> <!-- beforeSuite -->
        <test-method status="PASS" signature="beforeMethod()[pri:0, instance:downAndUp.SeleniumDay26.UploadAndDownload@37374a5e]" name="beforeMethod" is-config="true" duration-ms="4637" started-at="2021-09-23T07:23:57 NPT" finished-at="2021-09-23T07:24:01 NPT">
          <reporter-output>
          </reporter-output>
        </test-method> <!-- beforeMethod -->
        <test-method status="PASS" signature="fileUploadTest()[pri:0, instance:downAndUp.SeleniumDay26.UploadAndDownload@37374a5e]" name="fileUploadTest" duration-ms="12645" started-at="2021-09-23T07:24:01 NPT" finished-at="2021-09-23T07:24:14 NPT">
          <reporter-output>
          </reporter-output>
        </test-method> <!-- fileUploadTest -->
        <test-method status="PASS" signature="afterMethod()[pri:0, instance:downAndUp.SeleniumDay26.UploadAndDownload@37374a5e]" name="afterMethod" is-config="true" duration-ms="982" started-at="2021-09-23T07:24:14 NPT" finished-at="2021-09-23T07:24:15 NPT">
          <reporter-output>
          </reporter-output>
        </test-method> <!-- afterMethod -->
        <test-method status="PASS" signature="afterSuite()[pri:0, instance:downAndUp.SeleniumDay26.UploadAndDownload@37374a5e]" name="afterSuite" is-config="true" duration-ms="39" started-at="2021-09-23T07:24:15 NPT" finished-at="2021-09-23T07:24:15 NPT">
          <reporter-output>
          </reporter-output>
        </test-method> <!-- afterSuite -->
      </class> <!-- downAndUp.SeleniumDay26.UploadAndDownload -->
    </test> <!-- Default test -->
  </suite> <!-- Default suite -->
</testng-results>
