<?xml version="1.0" encoding="UTF-8"?>
<testng-results skipped="0" failed="0" ignored="0" total="1" passed="1">
  <reporter-output>
  </reporter-output>
  <suite name="Default suite" duration-ms="32671" started-at="2021-09-03T08:43:56 NPT" finished-at="2021-09-03T08:44:29 NPT">
    <groups>
    </groups>
    <test name="Default test" duration-ms="32671" started-at="2021-09-03T08:43:56 NPT" finished-at="2021-09-03T08:44:29 NPT">
      <class name="testTable.SeleniumDay13.TablePractice">
        <test-method status="PASS" signature="setUp()[pri:0, instance:testTable.SeleniumDay13.TablePractice@3234e239]" name="setUp" is-config="true" duration-ms="132" started-at="2021-09-03T08:43:56 NPT" finished-at="2021-09-03T08:43:56 NPT">
          <reporter-output>
          </reporter-output>
        </test-method> <!-- setUp -->
        <test-method status="PASS" signature="setupBrowser()[pri:0, instance:testTable.SeleniumDay13.TablePractice@3234e239]" name="setupBrowser" is-config="true" duration-ms="2538" started-at="2021-09-03T08:43:56 NPT" finished-at="2021-09-03T08:43:59 NPT">
          <reporter-output>
          </reporter-output>
        </test-method> <!-- setupBrowser -->
        <test-method status="PASS" signature="tableTest()[pri:0, instance:testTable.SeleniumDay13.TablePractice@3234e239]" name="tableTest" duration-ms="29215" started-at="2021-09-03T08:43:59 NPT" finished-at="2021-09-03T08:44:28 NPT">
          <reporter-output>
          </reporter-output>
        </test-method> <!-- tableTest -->
        <test-method status="PASS" signature="clearSession()[pri:0, instance:testTable.SeleniumDay13.TablePractice@3234e239]" name="clearSession" is-config="true" duration-ms="893" started-at="2021-09-03T08:44:28 NPT" finished-at="2021-09-03T08:44:29 NPT">
          <reporter-output>
          </reporter-output>
        </test-method> <!-- clearSession -->
        <test-method status="PASS" signature="tearDown()[pri:0, instance:testTable.SeleniumDay13.TablePractice@3234e239]" name="tearDown" is-config="true" duration-ms="25" started-at="2021-09-03T08:44:29 NPT" finished-at="2021-09-03T08:44:29 NPT">
          <reporter-output>
          </reporter-output>
        </test-method> <!-- tearDown -->
      </class> <!-- testTable.SeleniumDay13.TablePractice -->
    </test> <!-- Default test -->
  </suite> <!-- Default suite -->
</testng-results>
