<?xml version="1.0" encoding="UTF-8"?>
<!-- Generated by org.testng.reporters.JUnitXMLReporter -->
<testsuite hostname="LV11V73Z2" ignored="2" name="Test(failed)(failed)" tests="1" failures="0" timestamp="2021-09-23T06:45:36 NPT" time="19.602" errors="0">
  <testcase name="handlingAlertsTest" time="14.299" classname="testAttribute.SeleniumDay15.SeleniumDay15"/>
  <testcase name="attributeTest" time="0.0" classname="testAttribute.SeleniumDay15.SeleniumDay15">
    <ignored/>
  </testcase> <!-- attributeTest -->
  <testcase name="windowsAuthTest" time="0.0" classname="testAttribute.SeleniumDay15.SeleniumDay15">
    <ignored/>
  </testcase> <!-- windowsAuthTest -->
</testsuite> <!-- Test(failed)(failed) -->
