<?xml version="1.0" encoding="UTF-8"?>
<!-- Generated by org.testng.reporters.JUnitXMLReporter -->
<testsuite hostname="LV11V73Z2" ignored="1" name="Default test" tests="1" failures="0" timestamp="2021-09-09T08:17:14 NPT" time="21.776" errors="0">
  <testcase name="handlingAlertsTest" time="16.532" classname="testAttribute.SeleniumDay15.SeleniumDay15"/>
  <testcase name="attributeTest" time="0.0" classname="testAttribute.SeleniumDay15.SeleniumDay15">
    <ignored/>
  </testcase> <!-- attributeTest -->
</testsuite> <!-- Default test -->
