<?xml version="1.0" encoding="UTF-8"?>
<testng-results skipped="0" failed="0" ignored="0" total="1" passed="1">
  <reporter-output>
  </reporter-output>
  <suite name="Default suite" duration-ms="11384" started-at="2021-08-27T09:05:22 NPT" finished-at="2021-08-27T09:05:33 NPT">
    <groups>
    </groups>
    <test name="Default test" duration-ms="11384" started-at="2021-08-27T09:05:22 NPT" finished-at="2021-08-27T09:05:33 NPT">
      <class name="testngDay.SeleniumTestNG.DiffDriverTest">
        <test-method status="PASS" signature="setUp()[pri:0, instance:testngDay.SeleniumTestNG.DiffDriverTest@6f195bc3]" name="setUp" is-config="true" duration-ms="7" started-at="2021-08-27T09:05:22 NPT" finished-at="2021-08-27T09:05:22 NPT">
          <reporter-output>
          </reporter-output>
        </test-method> <!-- setUp -->
        <test-method status="PASS" signature="startBrowser()[pri:0, instance:testngDay.SeleniumTestNG.DiffDriverTest@6f195bc3]" name="startBrowser" is-config="true" duration-ms="7224" started-at="2021-08-27T09:05:22 NPT" finished-at="2021-08-27T09:05:29 NPT">
          <reporter-output>
          </reporter-output>
        </test-method> <!-- startBrowser -->
        <test-method status="PASS" signature="loginTest()[pri:0, instance:testngDay.SeleniumTestNG.DiffDriverTest@6f195bc3]" name="loginTest" duration-ms="3247" started-at="2021-08-27T09:05:29 NPT" finished-at="2021-08-27T09:05:32 NPT">
          <reporter-output>
          </reporter-output>
        </test-method> <!-- loginTest -->
        <test-method status="PASS" signature="tearDown()[pri:0, instance:testngDay.SeleniumTestNG.DiffDriverTest@6f195bc3]" name="tearDown" is-config="true" duration-ms="884" started-at="2021-08-27T09:05:32 NPT" finished-at="2021-08-27T09:05:33 NPT">
          <reporter-output>
          </reporter-output>
        </test-method> <!-- tearDown -->
      </class> <!-- testngDay.SeleniumTestNG.DiffDriverTest -->
    </test> <!-- Default test -->
  </suite> <!-- Default suite -->
</testng-results>
