<?xml version="1.0" encoding="UTF-8"?>
<testng-results skipped="0" failed="0" ignored="0" total="1" passed="1">
  <reporter-output>
  </reporter-output>
  <suite name="Default suite" duration-ms="12066" started-at="2021-08-28T08:59:12 NPT" finished-at="2021-08-28T08:59:24 NPT">
    <groups>
    </groups>
    <test name="Default test" duration-ms="12066" started-at="2021-08-28T08:59:12 NPT" finished-at="2021-08-28T08:59:24 NPT">
      <class name="testngDay.SeleniumTestNG.DiffDriverTest">
        <test-method status="PASS" signature="setUp()[pri:0, instance:testngDay.SeleniumTestNG.DiffDriverTest@2c039ac6]" name="setUp" is-config="true" duration-ms="8" started-at="2021-08-28T08:59:12 NPT" finished-at="2021-08-28T08:59:12 NPT">
          <reporter-output>
          </reporter-output>
        </test-method> <!-- setUp -->
        <test-method status="PASS" signature="startBrowser()[pri:0, instance:testngDay.SeleniumTestNG.DiffDriverTest@2c039ac6]" name="startBrowser" is-config="true" duration-ms="6084" started-at="2021-08-28T08:59:12 NPT" finished-at="2021-08-28T08:59:18 NPT">
          <reporter-output>
          </reporter-output>
        </test-method> <!-- startBrowser -->
        <test-method status="PASS" signature="loginTest()[pri:0, instance:testngDay.SeleniumTestNG.DiffDriverTest@2c039ac6]" name="loginTest" duration-ms="5268" started-at="2021-08-28T08:59:18 NPT" finished-at="2021-08-28T08:59:23 NPT">
          <reporter-output>
          </reporter-output>
        </test-method> <!-- loginTest -->
        <test-method status="PASS" signature="tearDown()[pri:0, instance:testngDay.SeleniumTestNG.DiffDriverTest@2c039ac6]" name="tearDown" is-config="true" duration-ms="678" started-at="2021-08-28T08:59:23 NPT" finished-at="2021-08-28T08:59:24 NPT">
          <reporter-output>
          </reporter-output>
        </test-method> <!-- tearDown -->
      </class> <!-- testngDay.SeleniumTestNG.DiffDriverTest -->
    </test> <!-- Default test -->
  </suite> <!-- Default suite -->
</testng-results>
