<?xml version="1.0" encoding="UTF-8"?>
<!-- Generated by org.testng.reporters.JUnitXMLReporter -->
<testsuite hostname="LV11V73Z2" ignored="0" name="Test" tests="3" failures="0" timestamp="2021-09-23T06:46:45 NPT" time="47.431" errors="0">
  <testcase name="attributeTest" time="13.854" classname="testAttribute.SeleniumDay15.SeleniumDay15"/>
  <testcase name="handlingAlertsTest" time="14.981" classname="testAttribute.SeleniumDay15.SeleniumDay15"/>
  <testcase name="windowsAuthTest" time="9.443" classname="testAttribute.SeleniumDay15.SeleniumDay15"/>
</testsuite> <!-- Test -->
