<?xml version="1.0" encoding="UTF-8"?>
<testng-results skipped="0" failed="0" ignored="0" total="1" passed="1">
  <reporter-output>
  </reporter-output>
  <suite name="Default suite" duration-ms="12805" started-at="2021-09-02T08:40:00 NPT" finished-at="2021-09-02T08:40:13 NPT">
    <groups>
    </groups>
    <test name="Default test" duration-ms="12805" started-at="2021-09-02T08:40:00 NPT" finished-at="2021-09-02T08:40:13 NPT">
      <class name="testDropDown.SeleniumDay12.TaxCalculator">
        <test-method status="PASS" signature="setUp()[pri:0, instance:testDropDown.SeleniumDay12.TaxCalculator@3234e239]" name="setUp" is-config="true" duration-ms="115" started-at="2021-09-02T08:40:00 NPT" finished-at="2021-09-02T08:40:00 NPT">
          <reporter-output>
          </reporter-output>
        </test-method> <!-- setUp -->
        <test-method status="PASS" signature="startSession()[pri:0, instance:testDropDown.SeleniumDay12.TaxCalculator@3234e239]" name="startSession" is-config="true" duration-ms="5465" started-at="2021-09-02T08:40:00 NPT" finished-at="2021-09-02T08:40:06 NPT">
          <reporter-output>
          </reporter-output>
        </test-method> <!-- startSession -->
        <test-method status="PASS" signature="calculateTax()[pri:0, instance:testDropDown.SeleniumDay12.TaxCalculator@3234e239]" name="calculateTax" duration-ms="6388" started-at="2021-09-02T08:40:06 NPT" finished-at="2021-09-02T08:40:12 NPT">
          <reporter-output>
          </reporter-output>
        </test-method> <!-- calculateTax -->
        <test-method status="PASS" signature="clearSession()[pri:0, instance:testDropDown.SeleniumDay12.TaxCalculator@3234e239]" name="clearSession" is-config="true" duration-ms="922" started-at="2021-09-02T08:40:12 NPT" finished-at="2021-09-02T08:40:13 NPT">
          <reporter-output>
          </reporter-output>
        </test-method> <!-- clearSession -->
        <test-method status="PASS" signature="tearDown()[pri:0, instance:testDropDown.SeleniumDay12.TaxCalculator@3234e239]" name="tearDown" is-config="true" duration-ms="32" started-at="2021-09-02T08:40:13 NPT" finished-at="2021-09-02T08:40:13 NPT">
          <reporter-output>
          </reporter-output>
        </test-method> <!-- tearDown -->
      </class> <!-- testDropDown.SeleniumDay12.TaxCalculator -->
    </test> <!-- Default test -->
  </suite> <!-- Default suite -->
</testng-results>
