<?xml version="1.0" encoding="UTF-8"?>
<testng-results skipped="0" failed="0" ignored="0" total="1" passed="1">
  <reporter-output>
  </reporter-output>
  <suite name="Default suite" duration-ms="26561" started-at="2021-09-04T08:16:27 NPT" finished-at="2021-09-04T08:16:54 NPT">
    <groups>
    </groups>
    <test name="Default test" duration-ms="26561" started-at="2021-09-04T08:16:27 NPT" finished-at="2021-09-04T08:16:54 NPT">
      <class name="testAttribute.SeleniumDay15.SeleniumDay15">
        <test-method status="PASS" signature="setUp()[pri:0, instance:testAttribute.SeleniumDay15.SeleniumDay15@3234e239]" name="setUp" is-config="true" duration-ms="135" started-at="2021-09-04T08:16:27 NPT" finished-at="2021-09-04T08:16:27 NPT">
          <reporter-output>
          </reporter-output>
        </test-method> <!-- setUp -->
        <test-method status="PASS" signature="setupBrowser()[pri:0, instance:testAttribute.SeleniumDay15.SeleniumDay15@3234e239]" name="setupBrowser" is-config="true" duration-ms="2531" started-at="2021-09-04T08:16:27 NPT" finished-at="2021-09-04T08:16:30 NPT">
          <reporter-output>
          </reporter-output>
        </test-method> <!-- setupBrowser -->
        <test-method status="PASS" signature="attributeTest()[pri:0, instance:testAttribute.SeleniumDay15.SeleniumDay15@3234e239]" name="attributeTest" duration-ms="23093" started-at="2021-09-04T08:16:30 NPT" finished-at="2021-09-04T08:16:53 NPT">
          <reporter-output>
          </reporter-output>
        </test-method> <!-- attributeTest -->
        <test-method status="PASS" signature="clearSession()[pri:0, instance:testAttribute.SeleniumDay15.SeleniumDay15@3234e239]" name="clearSession" is-config="true" duration-ms="902" started-at="2021-09-04T08:16:53 NPT" finished-at="2021-09-04T08:16:54 NPT">
          <reporter-output>
          </reporter-output>
        </test-method> <!-- clearSession -->
        <test-method status="PASS" signature="tearDown()[pri:0, instance:testAttribute.SeleniumDay15.SeleniumDay15@3234e239]" name="tearDown" is-config="true" duration-ms="26" started-at="2021-09-04T08:16:54 NPT" finished-at="2021-09-04T08:16:54 NPT">
          <reporter-output>
          </reporter-output>
        </test-method> <!-- tearDown -->
      </class> <!-- testAttribute.SeleniumDay15.SeleniumDay15 -->
    </test> <!-- Default test -->
  </suite> <!-- Default suite -->
</testng-results>
