<?xml version="1.0" encoding="UTF-8"?>
<!-- Generated by org.testng.reporters.JUnitXMLReporter -->
<testsuite hostname="LV11V73Z2" ignored="4" name="Default test" tests="1" failures="0" timestamp="2021-09-02T09:02:51 NPT" time="45.84" errors="0">
  <testcase name="testParentChildre" time="42.391" classname="testngDay.SeleniumTestNG.SeleniumExtentReports"/>
  <testcase name="test2" time="0.0" classname="testngDay.SeleniumTestNG.SeleniumExtentReports">
    <ignored/>
  </testcase> <!-- test2 -->
  <testcase name="test3" time="0.0" classname="testngDay.SeleniumTestNG.SeleniumExtentReports">
    <ignored/>
  </testcase> <!-- test3 -->
  <testcase name="testSelectOption" time="0.0" classname="testngDay.SeleniumTestNG.SeleniumExtentReports">
    <ignored/>
  </testcase> <!-- testSelectOption -->
  <testcase name="loginTest" time="0.0" classname="testngDay.SeleniumTestNG.SeleniumExtentReports">
    <ignored/>
  </testcase> <!-- loginTest -->
</testsuite> <!-- Default test -->
