<?xml version="1.0" encoding="UTF-8"?>
<!-- Generated by org.testng.reporters.JUnitXMLReporter -->
<testsuite hostname="LV11V73Z2" ignored="4" name="Default test" tests="1" failures="0" timestamp="2021-09-15T07:31:17 NPT" time="21.055" errors="0">
  <testcase name="test2" time="17.671" classname="testngDay.SeleniumTestNG.SeleniumExtentReports"/>
  <testcase name="test3" time="0.0" classname="testngDay.SeleniumTestNG.SeleniumExtentReports">
    <ignored/>
  </testcase> <!-- test3 -->
  <testcase name="testParentChildre" time="0.0" classname="testngDay.SeleniumTestNG.SeleniumExtentReports">
    <ignored/>
  </testcase> <!-- testParentChildre -->
  <testcase name="testSelectOption" time="0.0" classname="testngDay.SeleniumTestNG.SeleniumExtentReports">
    <ignored/>
  </testcase> <!-- testSelectOption -->
  <testcase name="loginTest" time="0.0" classname="testngDay.SeleniumTestNG.SeleniumExtentReports">
    <ignored/>
  </testcase> <!-- loginTest -->
</testsuite> <!-- Default test -->
