<?xml version="1.0" encoding="UTF-8"?>
<!-- Generated by org.testng.reporters.JUnitXMLReporter -->
<testsuite hostname="LV11V73Z2" ignored="5" name="Default test" tests="1" failures="0" timestamp="2021-09-28T07:22:07 NPT" time="11.002" errors="0">
  <testcase name="writeToExcel" time="7.469" classname="downAndUp.SeleniumDay26.DataDivenTestPractice"/>
  <testcase name="googleSearch" time="0.0" classname="downAndUp.SeleniumDay26.DataDivenTestPractice">
    <ignored/>
  </testcase> <!-- googleSearch -->
  <testcase name="googleSearch2" time="0.0" classname="downAndUp.SeleniumDay26.DataDivenTestPractice">
    <ignored/>
  </testcase> <!-- googleSearch2 -->
  <testcase name="excelWriteTest2" time="0.0" classname="downAndUp.SeleniumDay26.DataDivenTestPractice">
    <ignored/>
  </testcase> <!-- excelWriteTest2 -->
  <testcase name="excelWriteTest" time="0.0" classname="downAndUp.SeleniumDay26.DataDivenTestPractice">
    <ignored/>
  </testcase> <!-- excelWriteTest -->
  <testcase name="testFromExcel" time="0.0" classname="downAndUp.SeleniumDay26.DataDivenTestPractice">
    <ignored/>
  </testcase> <!-- testFromExcel -->
</testsuite> <!-- Default test -->
