<?xml version="1.0" encoding="UTF-8"?>
<!-- Generated by org.testng.reporters.JUnitXMLReporter -->
<testsuite hostname="LV11V73Z2" ignored="1" name="Default test" tests="1" failures="0" timestamp="2021-09-23T07:24:15 NPT" time="18.296" errors="0">
  <testcase name="fileUploadTest" time="12.645" classname="downAndUp.SeleniumDay26.UploadAndDownload"/>
  <testcase name="fileDownloadTest" time="0.0" classname="downAndUp.SeleniumDay26.UploadAndDownload">
    <ignored/>
  </testcase> <!-- fileDownloadTest -->
</testsuite> <!-- Default test -->
